2025-11-19 21:25:45 [main] INFO  com.orangehrm.utilities.LoggerManager - config.properties file loaded
2025-11-19 21:25:45 [main] TRACE com.orangehrm.utilities.LoggerManager - Trace message  
2025-11-19 21:25:45 [main] ERROR com.orangehrm.utilities.LoggerManager - this is error messaage
2025-11-19 21:25:45 [main] DEBUG com.orangehrm.utilities.LoggerManager - this is debug messaage
2025-11-19 21:25:45 [main] FATAL com.orangehrm.utilities.LoggerManager - this is fatal messaage
2025-11-19 21:25:45 [main] WARN  com.orangehrm.utilities.LoggerManager - this is a warm  messaage
2025-11-19 21:25:49 [TestNG-test-ornageHRMTest-1] INFO  com.orangehrm.utilities.LoggerManager - ChromeDriver instance is craeted 
2025-11-19 21:25:49 [TestNG-test-ornageHRMTest-3] INFO  com.orangehrm.utilities.LoggerManager - ChromeDriver instance is craeted 
2025-11-19 21:25:49 [TestNG-test-ornageHRMTest-2] INFO  com.orangehrm.utilities.LoggerManager - ChromeDriver instance is craeted 
2025-11-19 21:25:49 [TestNG-test-ornageHRMTest-4] INFO  com.orangehrm.utilities.LoggerManager - ChromeDriver instance is craeted 
2025-11-19 21:25:53 [TestNG-test-ornageHRMTest-2] INFO  com.orangehrm.utilities.LoggerManager - webDriver initialized and Browser Maximized
2025-11-19 21:25:53 [TestNG-test-ornageHRMTest-2] INFO  com.orangehrm.utilities.LoggerManager - webDriver instance is created 
2025-11-19 21:25:53 [TestNG-test-ornageHRMTest-2] INFO  com.orangehrm.utilities.LoggerManager - Action driver instance is created 37
2025-11-19 21:25:54 [TestNG-test-ornageHRMTest-2] INFO  com.orangehrm.utilities.LoggerManager - webdriver instance is closed
2025-11-19 21:25:54 [TestNG-test-ornageHRMTest-4] INFO  com.orangehrm.utilities.LoggerManager - webDriver initialized and Browser Maximized
2025-11-19 21:25:54 [TestNG-test-ornageHRMTest-4] INFO  com.orangehrm.utilities.LoggerManager - webDriver instance is created 
2025-11-19 21:25:54 [TestNG-test-ornageHRMTest-4] INFO  com.orangehrm.utilities.LoggerManager - Action driver instance is created 39
2025-11-19 21:25:55 [TestNG-test-ornageHRMTest-3] INFO  com.orangehrm.utilities.LoggerManager - webDriver initialized and Browser Maximized
2025-11-19 21:25:55 [TestNG-test-ornageHRMTest-1] INFO  com.orangehrm.utilities.LoggerManager - webDriver initialized and Browser Maximized
2025-11-19 21:25:55 [TestNG-test-ornageHRMTest-1] INFO  com.orangehrm.utilities.LoggerManager - webdriver instance is closed
2025-11-19 21:55:53 [main] INFO  com.orangehrm.utilities.LoggerManager - config.properties file loaded
2025-11-19 21:55:53 [main] TRACE com.orangehrm.utilities.LoggerManager - Trace message  
2025-11-19 21:55:53 [main] ERROR com.orangehrm.utilities.LoggerManager - this is error messaage
2025-11-19 21:55:53 [main] DEBUG com.orangehrm.utilities.LoggerManager - this is debug messaage
2025-11-19 21:55:53 [main] FATAL com.orangehrm.utilities.LoggerManager - this is fatal messaage
2025-11-19 21:55:53 [main] WARN  com.orangehrm.utilities.LoggerManager - this is a warm  messaage
2025-11-19 21:55:56 [TestNG-test-ornageHRMTest-4] INFO  com.orangehrm.utilities.LoggerManager - ChromeDriver instance is craeted 
2025-11-19 21:55:56 [TestNG-test-ornageHRMTest-3] INFO  com.orangehrm.utilities.LoggerManager - ChromeDriver instance is craeted 
2025-11-19 21:55:56 [TestNG-test-ornageHRMTest-2] INFO  com.orangehrm.utilities.LoggerManager - ChromeDriver instance is craeted 
2025-11-19 21:55:56 [TestNG-test-ornageHRMTest-1] INFO  com.orangehrm.utilities.LoggerManager - ChromeDriver instance is craeted 
2025-11-19 21:56:02 [TestNG-test-ornageHRMTest-4] INFO  com.orangehrm.utilities.LoggerManager - webDriver initialized and Browser Maximized
2025-11-19 21:56:02 [TestNG-test-ornageHRMTest-4] INFO  com.orangehrm.utilities.LoggerManager - webDriver instance is created 
2025-11-19 21:56:02 [TestNG-test-ornageHRMTest-4] INFO  com.orangehrm.utilities.LoggerManager - ActionDriver initilaized for thread:40
2025-11-19 21:56:02 [TestNG-test-ornageHRMTest-2] INFO  com.orangehrm.utilities.LoggerManager - webDriver initialized and Browser Maximized
2025-11-19 21:56:02 [TestNG-test-ornageHRMTest-2] INFO  com.orangehrm.utilities.LoggerManager - webDriver instance is created 
2025-11-19 21:56:02 [TestNG-test-ornageHRMTest-2] INFO  com.orangehrm.utilities.LoggerManager - ActionDriver initilaized for thread:38
2025-11-19 21:56:02 [TestNG-test-ornageHRMTest-4] INFO  com.orangehrm.utilities.LoggerManager - entered text on:element with name:username Admin
2025-11-19 21:56:02 [TestNG-test-ornageHRMTest-4] INFO  com.orangehrm.utilities.LoggerManager - value eneterd:Admin
2025-11-19 21:56:02 [TestNG-test-ornageHRMTest-2] INFO  com.orangehrm.utilities.LoggerManager - webdriver instance is closed
2025-11-19 21:56:02 [TestNG-test-ornageHRMTest-4] INFO  com.orangehrm.utilities.LoggerManager - entered text on:element with name:password admin123
2025-11-19 21:56:02 [TestNG-test-ornageHRMTest-4] INFO  com.orangehrm.utilities.LoggerManager - value eneterd:admin123
2025-11-19 21:56:02 [TestNG-test-ornageHRMTest-3] INFO  com.orangehrm.utilities.LoggerManager - webDriver initialized and Browser Maximized
2025-11-19 21:56:02 [TestNG-test-ornageHRMTest-3] INFO  com.orangehrm.utilities.LoggerManager - webDriver instance is created 
2025-11-19 21:56:02 [TestNG-test-ornageHRMTest-3] INFO  com.orangehrm.utilities.LoggerManager - ActionDriver initilaized for thread:39
2025-11-19 21:56:02 [TestNG-test-ornageHRMTest-4] INFO  com.orangehrm.utilities.LoggerManager - clicked an element:element with text:Login
2025-11-19 21:56:02 [TestNG-test-ornageHRMTest-3] INFO  com.orangehrm.utilities.LoggerManager - entered text on:element with name:username admin
2025-11-19 21:56:03 [TestNG-test-ornageHRMTest-3] INFO  com.orangehrm.utilities.LoggerManager - value eneterd:admin
2025-11-19 21:56:03 [TestNG-test-ornageHRMTest-3] INFO  com.orangehrm.utilities.LoggerManager - entered text on:element with name:password xcvv
2025-11-19 21:56:03 [TestNG-test-ornageHRMTest-3] INFO  com.orangehrm.utilities.LoggerManager - value eneterd:xcvv
2025-11-19 21:56:03 [TestNG-test-ornageHRMTest-3] INFO  com.orangehrm.utilities.LoggerManager - clicked an element:element with text:Login
2025-11-19 21:56:04 [TestNG-test-ornageHRMTest-4] INFO  com.orangehrm.utilities.LoggerManager - element is displayed:unable to describe the element
2025-11-19 21:56:04 [TestNG-test-ornageHRMTest-4] INFO  com.orangehrm.utilities.LoggerManager - webdriver instance is closed
2025-11-19 21:56:04 [TestNG-test-ornageHRMTest-1] INFO  com.orangehrm.utilities.LoggerManager - webDriver initialized and Browser Maximized
2025-11-19 21:56:04 [TestNG-test-ornageHRMTest-1] INFO  com.orangehrm.utilities.LoggerManager - webDriver instance is created 
2025-11-19 21:56:04 [TestNG-test-ornageHRMTest-1] INFO  com.orangehrm.utilities.LoggerManager - ActionDriver initilaized for thread:37
2025-11-19 21:56:05 [TestNG-test-ornageHRMTest-1] INFO  com.orangehrm.utilities.LoggerManager - webdriver instance is closed
2025-11-19 21:56:05 [TestNG-test-ornageHRMTest-3] INFO  com.orangehrm.utilities.LoggerManager - webdriver instance is closed
2025-11-19 21:56:06 [TestNG-test-ornageHRMTest-3] INFO  com.orangehrm.utilities.LoggerManager - ChromeDriver instance is craeted 
2025-11-19 21:56:11 [TestNG-test-ornageHRMTest-3] INFO  com.orangehrm.utilities.LoggerManager - webDriver initialized and Browser Maximized
2025-11-19 21:56:11 [TestNG-test-ornageHRMTest-3] INFO  com.orangehrm.utilities.LoggerManager - webDriver instance is created 
2025-11-19 21:56:11 [TestNG-test-ornageHRMTest-3] INFO  com.orangehrm.utilities.LoggerManager - ActionDriver initilaized for thread:39
2025-11-19 21:56:11 [TestNG-test-ornageHRMTest-3] INFO  com.orangehrm.utilities.LoggerManager - entered text on:element with name:username Admin
2025-11-19 21:56:11 [TestNG-test-ornageHRMTest-3] INFO  com.orangehrm.utilities.LoggerManager - value eneterd:Admin
2025-11-19 21:56:11 [TestNG-test-ornageHRMTest-3] INFO  com.orangehrm.utilities.LoggerManager - entered text on:element with name:password admin123
2025-11-19 21:56:11 [TestNG-test-ornageHRMTest-3] INFO  com.orangehrm.utilities.LoggerManager - value eneterd:admin123
2025-11-19 21:56:11 [TestNG-test-ornageHRMTest-3] INFO  com.orangehrm.utilities.LoggerManager - clicked an element:element with text:Login
2025-11-19 21:56:12 [TestNG-test-ornageHRMTest-3] INFO  com.orangehrm.utilities.LoggerManager - element is displayed:element with text:Admin
2025-11-19 21:56:13 [TestNG-test-ornageHRMTest-3] INFO  com.orangehrm.utilities.LoggerManager - clicked an element:element with text:Jacob Elordi
2025-11-19 21:56:15 [TestNG-test-ornageHRMTest-3] INFO  com.orangehrm.utilities.LoggerManager - clicked an element:element with class:oxd-userdropdown-link
2025-11-19 21:56:17 [TestNG-test-ornageHRMTest-3] INFO  com.orangehrm.utilities.LoggerManager - webdriver instance is closed
2025-11-19 21:59:37 [main] INFO  com.orangehrm.utilities.LoggerManager - config.properties file loaded
2025-11-19 21:59:37 [main] TRACE com.orangehrm.utilities.LoggerManager - Trace message  
2025-11-19 21:59:37 [main] ERROR com.orangehrm.utilities.LoggerManager - this is error messaage
2025-11-19 21:59:37 [main] DEBUG com.orangehrm.utilities.LoggerManager - this is debug messaage
2025-11-19 21:59:37 [main] FATAL com.orangehrm.utilities.LoggerManager - this is fatal messaage
2025-11-19 21:59:37 [main] WARN  com.orangehrm.utilities.LoggerManager - this is a warm  messaage
2025-11-19 21:59:38 [TestNG-tests-1] INFO  com.orangehrm.utilities.LoggerManager - ChromeDriver instance is craeted 
2025-11-19 21:59:43 [TestNG-tests-1] INFO  com.orangehrm.utilities.LoggerManager - webDriver initialized and Browser Maximized
2025-11-19 21:59:43 [TestNG-tests-1] INFO  com.orangehrm.utilities.LoggerManager - webDriver instance is created 
2025-11-19 21:59:43 [TestNG-tests-1] INFO  com.orangehrm.utilities.LoggerManager - ActionDriver initilaized for thread:38
2025-11-19 21:59:43 [TestNG-tests-1] INFO  com.orangehrm.utilities.LoggerManager - webdriver instance is closed
2025-11-19 21:59:44 [TestNG-tests-1] INFO  com.orangehrm.utilities.LoggerManager - ChromeDriver instance is craeted 
2025-11-19 21:59:49 [TestNG-tests-1] INFO  com.orangehrm.utilities.LoggerManager - webDriver initialized and Browser Maximized
2025-11-19 21:59:49 [TestNG-tests-1] INFO  com.orangehrm.utilities.LoggerManager - webDriver instance is created 
2025-11-19 21:59:49 [TestNG-tests-1] INFO  com.orangehrm.utilities.LoggerManager - ActionDriver initilaized for thread:38
2025-11-19 21:59:49 [TestNG-tests-1] INFO  com.orangehrm.utilities.LoggerManager - webdriver instance is closed
2025-11-19 21:59:50 [TestNG-tests-1] INFO  com.orangehrm.utilities.LoggerManager - ChromeDriver instance is craeted 
2025-11-19 21:59:55 [TestNG-tests-1] INFO  com.orangehrm.utilities.LoggerManager - webDriver initialized and Browser Maximized
2025-11-19 21:59:55 [TestNG-tests-1] INFO  com.orangehrm.utilities.LoggerManager - webDriver instance is created 
2025-11-19 21:59:55 [TestNG-tests-1] INFO  com.orangehrm.utilities.LoggerManager - ActionDriver initilaized for thread:38
2025-11-19 21:59:56 [TestNG-tests-1] INFO  com.orangehrm.utilities.LoggerManager - entered text on:element with name:username admin
2025-11-19 21:59:56 [TestNG-tests-1] INFO  com.orangehrm.utilities.LoggerManager - value eneterd:admin
2025-11-19 21:59:56 [TestNG-tests-1] INFO  com.orangehrm.utilities.LoggerManager - entered text on:element with name:password xcvv
2025-11-19 21:59:56 [TestNG-tests-1] INFO  com.orangehrm.utilities.LoggerManager - value eneterd:xcvv
2025-11-19 21:59:56 [TestNG-tests-1] INFO  com.orangehrm.utilities.LoggerManager - clicked an element:element with text:Login
2025-11-19 21:59:57 [TestNG-tests-1] INFO  com.orangehrm.utilities.LoggerManager - webdriver instance is closed
2025-11-19 21:59:58 [TestNG-tests-1] INFO  com.orangehrm.utilities.LoggerManager - ChromeDriver instance is craeted 
2025-11-19 22:00:04 [TestNG-tests-1] INFO  com.orangehrm.utilities.LoggerManager - webDriver initialized and Browser Maximized
2025-11-19 22:00:04 [TestNG-tests-1] INFO  com.orangehrm.utilities.LoggerManager - webDriver instance is created 
2025-11-19 22:00:04 [TestNG-tests-1] INFO  com.orangehrm.utilities.LoggerManager - ActionDriver initilaized for thread:38
2025-11-19 22:00:04 [TestNG-tests-1] INFO  com.orangehrm.utilities.LoggerManager - entered text on:element with name:username Admin
2025-11-19 22:00:04 [TestNG-tests-1] INFO  com.orangehrm.utilities.LoggerManager - value eneterd:Admin
2025-11-19 22:00:04 [TestNG-tests-1] INFO  com.orangehrm.utilities.LoggerManager - entered text on:element with name:password admin123
2025-11-19 22:00:04 [TestNG-tests-1] INFO  com.orangehrm.utilities.LoggerManager - value eneterd:admin123
2025-11-19 22:00:04 [TestNG-tests-1] INFO  com.orangehrm.utilities.LoggerManager - clicked an element:element with text:Login
2025-11-19 22:00:06 [TestNG-tests-1] INFO  com.orangehrm.utilities.LoggerManager - element is displayed:element with text:Admin
2025-11-19 22:00:06 [TestNG-tests-1] INFO  com.orangehrm.utilities.LoggerManager - clicked an element:element with text:Якушев Ефим
2025-11-19 22:00:09 [TestNG-tests-1] INFO  com.orangehrm.utilities.LoggerManager - clicked an element:element with text:Logout
2025-11-19 22:00:11 [TestNG-tests-1] INFO  com.orangehrm.utilities.LoggerManager - webdriver instance is closed
2025-11-19 22:00:12 [TestNG-tests-1] INFO  com.orangehrm.utilities.LoggerManager - ChromeDriver instance is craeted 
2025-11-19 22:00:17 [TestNG-tests-1] INFO  com.orangehrm.utilities.LoggerManager - webDriver initialized and Browser Maximized
2025-11-19 22:00:17 [TestNG-tests-1] INFO  com.orangehrm.utilities.LoggerManager - webDriver instance is created 
2025-11-19 22:00:17 [TestNG-tests-1] INFO  com.orangehrm.utilities.LoggerManager - ActionDriver initilaized for thread:38
2025-11-19 22:00:17 [TestNG-tests-1] INFO  com.orangehrm.utilities.LoggerManager - entered text on:element with name:username Admin
2025-11-19 22:00:17 [TestNG-tests-1] INFO  com.orangehrm.utilities.LoggerManager - value eneterd:Admin
2025-11-19 22:00:17 [TestNG-tests-1] INFO  com.orangehrm.utilities.LoggerManager - entered text on:element with name:password admin123
2025-11-19 22:00:17 [TestNG-tests-1] INFO  com.orangehrm.utilities.LoggerManager - value eneterd:admin123
2025-11-19 22:00:17 [TestNG-tests-1] INFO  com.orangehrm.utilities.LoggerManager - clicked an element:element with text:Login
2025-11-19 22:00:20 [TestNG-tests-1] INFO  com.orangehrm.utilities.LoggerManager - element is displayed:unable to describe the element
2025-11-19 22:00:20 [TestNG-tests-1] INFO  com.orangehrm.utilities.LoggerManager - webdriver instance is closed
2025-11-19 22:04:21 [main] INFO  com.orangehrm.utilities.LoggerManager - config.properties file loaded
2025-11-19 22:04:21 [main] TRACE com.orangehrm.utilities.LoggerManager - Trace message  
2025-11-19 22:04:21 [main] ERROR com.orangehrm.utilities.LoggerManager - this is error messaage
2025-11-19 22:04:21 [main] DEBUG com.orangehrm.utilities.LoggerManager - this is debug messaage
2025-11-19 22:04:21 [main] FATAL com.orangehrm.utilities.LoggerManager - this is fatal messaage
2025-11-19 22:04:21 [main] WARN  com.orangehrm.utilities.LoggerManager - this is a warm  messaage
2025-11-19 22:04:23 [TestNG-test-ornageHRMTest-2] INFO  com.orangehrm.utilities.LoggerManager - ChromeDriver instance is craeted 
2025-11-19 22:04:23 [TestNG-test-ornageHRMTest-3] INFO  com.orangehrm.utilities.LoggerManager - ChromeDriver instance is craeted 
2025-11-19 22:04:23 [TestNG-test-ornageHRMTest-5] INFO  com.orangehrm.utilities.LoggerManager - ChromeDriver instance is craeted 
2025-11-19 22:04:24 [TestNG-test-ornageHRMTest-4] INFO  com.orangehrm.utilities.LoggerManager - ChromeDriver instance is craeted 
2025-11-19 22:04:24 [TestNG-test-ornageHRMTest-1] INFO  com.orangehrm.utilities.LoggerManager - ChromeDriver instance is craeted 
2025-11-19 22:04:28 [TestNG-test-ornageHRMTest-2] INFO  com.orangehrm.utilities.LoggerManager - webDriver initialized and Browser Maximized
2025-11-19 22:04:28 [TestNG-test-ornageHRMTest-2] INFO  com.orangehrm.utilities.LoggerManager - webDriver instance is created 
2025-11-19 22:04:28 [TestNG-test-ornageHRMTest-2] INFO  com.orangehrm.utilities.LoggerManager - ActionDriver initilaized for thread:39
2025-11-19 22:04:28 [TestNG-test-ornageHRMTest-3] INFO  com.orangehrm.utilities.LoggerManager - webDriver initialized and Browser Maximized
2025-11-19 22:04:28 [TestNG-test-ornageHRMTest-3] INFO  com.orangehrm.utilities.LoggerManager - webDriver instance is created 
2025-11-19 22:04:28 [TestNG-test-ornageHRMTest-3] INFO  com.orangehrm.utilities.LoggerManager - ActionDriver initilaized for thread:40
2025-11-19 22:04:28 [TestNG-test-ornageHRMTest-2] INFO  com.orangehrm.utilities.LoggerManager - webdriver instance is closed
2025-11-19 22:04:28 [TestNG-test-ornageHRMTest-3] INFO  com.orangehrm.utilities.LoggerManager - entered text on:element with name:username admin
2025-11-19 22:04:28 [TestNG-test-ornageHRMTest-3] INFO  com.orangehrm.utilities.LoggerManager - value eneterd:admin
2025-11-19 22:04:29 [TestNG-test-ornageHRMTest-5] INFO  com.orangehrm.utilities.LoggerManager - webDriver initialized and Browser Maximized
2025-11-19 22:04:29 [TestNG-test-ornageHRMTest-5] INFO  com.orangehrm.utilities.LoggerManager - webDriver instance is created 
2025-11-19 22:04:29 [TestNG-test-ornageHRMTest-5] INFO  com.orangehrm.utilities.LoggerManager - ActionDriver initilaized for thread:42
2025-11-19 22:04:29 [TestNG-test-ornageHRMTest-3] INFO  com.orangehrm.utilities.LoggerManager - entered text on:element with name:password xcvv
2025-11-19 22:04:29 [TestNG-test-ornageHRMTest-3] INFO  com.orangehrm.utilities.LoggerManager - value eneterd:xcvv
2025-11-19 22:04:29 [TestNG-test-ornageHRMTest-5] INFO  com.orangehrm.utilities.LoggerManager - entered text on:element with name:username Admin
2025-11-19 22:04:29 [TestNG-test-ornageHRMTest-5] INFO  com.orangehrm.utilities.LoggerManager - value eneterd:Admin
2025-11-19 22:04:29 [TestNG-test-ornageHRMTest-3] INFO  com.orangehrm.utilities.LoggerManager - clicked an element:element with text:Login
2025-11-19 22:04:29 [TestNG-test-ornageHRMTest-4] INFO  com.orangehrm.utilities.LoggerManager - webDriver initialized and Browser Maximized
2025-11-19 22:04:29 [TestNG-test-ornageHRMTest-4] INFO  com.orangehrm.utilities.LoggerManager - webDriver instance is created 
2025-11-19 22:04:29 [TestNG-test-ornageHRMTest-4] INFO  com.orangehrm.utilities.LoggerManager - ActionDriver initilaized for thread:41
2025-11-19 22:04:29 [TestNG-test-ornageHRMTest-5] INFO  com.orangehrm.utilities.LoggerManager - entered text on:element with name:password admin123
2025-11-19 22:04:29 [TestNG-test-ornageHRMTest-5] INFO  com.orangehrm.utilities.LoggerManager - value eneterd:admin123
2025-11-19 22:04:29 [TestNG-test-ornageHRMTest-1] INFO  com.orangehrm.utilities.LoggerManager - webDriver initialized and Browser Maximized
2025-11-19 22:04:29 [TestNG-test-ornageHRMTest-1] INFO  com.orangehrm.utilities.LoggerManager - webDriver instance is created 
2025-11-19 22:04:29 [TestNG-test-ornageHRMTest-1] INFO  com.orangehrm.utilities.LoggerManager - ActionDriver initilaized for thread:38
2025-11-19 22:04:29 [TestNG-test-ornageHRMTest-5] INFO  com.orangehrm.utilities.LoggerManager - clicked an element:element with text:Login
2025-11-19 22:04:29 [TestNG-test-ornageHRMTest-4] INFO  com.orangehrm.utilities.LoggerManager - entered text on:element with name:username Admin
2025-11-19 22:04:29 [TestNG-test-ornageHRMTest-4] INFO  com.orangehrm.utilities.LoggerManager - value eneterd:Admin
2025-11-19 22:04:29 [TestNG-test-ornageHRMTest-1] INFO  com.orangehrm.utilities.LoggerManager - webdriver instance is closed
2025-11-19 22:04:30 [TestNG-test-ornageHRMTest-4] INFO  com.orangehrm.utilities.LoggerManager - entered text on:element with name:password admin123
2025-11-19 22:04:30 [TestNG-test-ornageHRMTest-4] INFO  com.orangehrm.utilities.LoggerManager - value eneterd:admin123
2025-11-19 22:04:30 [TestNG-test-ornageHRMTest-4] INFO  com.orangehrm.utilities.LoggerManager - clicked an element:element with text:Login
2025-11-19 22:04:31 [TestNG-test-ornageHRMTest-5] INFO  com.orangehrm.utilities.LoggerManager - element is displayed:unable to describe the element
2025-11-19 22:04:31 [TestNG-test-ornageHRMTest-4] INFO  com.orangehrm.utilities.LoggerManager - element is displayed:element with text:Admin
2025-11-19 22:04:31 [TestNG-test-ornageHRMTest-5] INFO  com.orangehrm.utilities.LoggerManager - webdriver instance is closed
2025-11-19 22:04:32 [TestNG-test-ornageHRMTest-4] INFO  com.orangehrm.utilities.LoggerManager - clicked an element:element with text:#@*^ hgfd
2025-11-19 22:04:34 [TestNG-test-ornageHRMTest-4] INFO  com.orangehrm.utilities.LoggerManager - clicked an element:element with class:oxd-userdropdown-link
2025-11-19 22:04:36 [TestNG-test-ornageHRMTest-4] INFO  com.orangehrm.utilities.LoggerManager - webdriver instance is closed
2025-11-19 22:05:30 [TestNG-test-ornageHRMTest-3] ERROR com.orangehrm.utilities.LoggerManager - element is not visible:Expected condition failed: waiting for visibility of element located by By.xpath: //p[text()="Invalid credentials"] (tried for 60 second(s) with 500 milliseconds interval)
Build info: version: '4.25.0', revision: '8a8aea2337'
System info: os.name: 'Windows 11', os.arch: 'amd64', os.version: '10.0', java.version: '23.0.1'
Driver info: org.openqa.selenium.chrome.ChromeDriver
Capabilities {acceptInsecureCerts: false, browserName: chrome, browserVersion: 142.0.7444.163, chrome: {chromedriverVersion: 142.0.7444.175 (302067f14a4..., userDataDir: C:\Users\AYUSHM~1\AppData\L...}, fedcm:accounts: true, goog:chromeOptions: {debuggerAddress: localhost:62176}, goog:processID: 16280, networkConnectionEnabled: false, pageLoadStrategy: normal, platformName: windows, proxy: Proxy(), se:cdp: ws://localhost:62176/devtoo..., se:cdpVersion: 142.0.7444.163, setWindowRect: true, strictFileInteractability: false, timeouts: {implicit: 0, pageLoad: 300000, script: 30000}, unhandledPromptBehavior: dismiss and notify, webauthn:extension:credBlob: true, webauthn:extension:largeBlob: true, webauthn:extension:minPinLength: true, webauthn:extension:prf: true, webauthn:virtualAuthenticators: true}
Session ID: 59ad47325b09c965833609512c8fe3c9
2025-11-19 22:06:00 [TestNG-test-ornageHRMTest-3] ERROR com.orangehrm.utilities.LoggerManager - unable to comaptre text:no such element: Unable to locate element: {"method":"xpath","selector":"//p[text()="Invalid credentials"]"}
  (Session info: chrome=142.0.7444.163)
For documentation on this error, please visit: https://www.selenium.dev/documentation/webdriver/troubleshooting/errors#no-such-element-exception
Build info: version: '4.25.0', revision: '8a8aea2337'
System info: os.name: 'Windows 11', os.arch: 'amd64', os.version: '10.0', java.version: '23.0.1'
Driver info: org.openqa.selenium.chrome.ChromeDriver
Command: [59ad47325b09c965833609512c8fe3c9, findElement {using=xpath, value=//p[text()="Invalid credentials"]}]
Capabilities {acceptInsecureCerts: false, browserName: chrome, browserVersion: 142.0.7444.163, chrome: {chromedriverVersion: 142.0.7444.175 (302067f14a4..., userDataDir: C:\Users\AYUSHM~1\AppData\L...}, fedcm:accounts: true, goog:chromeOptions: {debuggerAddress: localhost:62176}, goog:processID: 16280, networkConnectionEnabled: false, pageLoadStrategy: normal, platformName: windows, proxy: Proxy(), se:cdp: ws://localhost:62176/devtoo..., se:cdpVersion: 142.0.7444.163, setWindowRect: true, strictFileInteractability: false, timeouts: {implicit: 0, pageLoad: 300000, script: 30000}, unhandledPromptBehavior: dismiss and notify, webauthn:extension:credBlob: true, webauthn:extension:largeBlob: true, webauthn:extension:minPinLength: true, webauthn:extension:prf: true, webauthn:virtualAuthenticators: true}
Session ID: 59ad47325b09c965833609512c8fe3c9
2025-11-19 22:06:00 [TestNG-test-ornageHRMTest-3] INFO  com.orangehrm.utilities.LoggerManager - webdriver instance is closed
